<?xml version="1.0" encoding="UTF-8"?>
<!-- Generated by org.testng.reporters.JUnitReportReporter -->
<testsuite hostname="Reshma-PC" failures="0" tests="1" name="seleniumprojects.DataProvider" time="6.137" errors="0" timestamp="2022-03-29T23:01:16 MDT" skipped="0">
  <testcase classname="seleniumprojects.DataProvider" name="Login" time="6.137"/>
  <system-out/>
</testsuite> <!-- seleniumprojects.DataProvider -->
