<?xml version="1.0" encoding="UTF-8"?>
<!-- Generated by org.testng.reporters.JUnitReportReporter -->
<testsuite hostname="Reshma-PC" failures="0" tests="3" name="seleniumprojects.HomeInsurance" time="0.014" errors="0" timestamp="2022-03-28T21:03:32 MDT" skipped="0">
  <testcase classname="seleniumprojects.HomeInsurance" name="MobileLogin" time="0.012"/>
  <system-out/>
  <testcase classname="seleniumprojects.HomeInsurance" name="APILogin" time="0.001"/>
  <system-out/>
  <testcase classname="seleniumprojects.HomeInsurance" name="WebLogin" time="0.001"/>
  <system-out/>
</testsuite> <!-- seleniumprojects.HomeInsurance -->
