<?xml version="1.0" encoding="UTF-8"?>
<!-- Generated by org.testng.reporters.JUnitReportReporter -->
<testsuite hostname="Reshma-PC" failures="0" tests="2" name="seleniumprojects.TestNgBasics" time="0.001" errors="0" timestamp="2022-03-28T21:03:32 MDT" skipped="0">
  <testcase classname="seleniumprojects.TestNgBasics" name="Demo" time="0.000"/>
  <system-out/>
  <testcase classname="seleniumprojects.TestNgBasics" name="secondTestCase" time="0.001"/>
  <system-out/>
</testsuite> <!-- seleniumprojects.TestNgBasics -->
