<?xml version="1.0" encoding="UTF-8"?>
<!-- Generated by org.testng.reporters.JUnitReportReporter -->
<testsuite hostname="Reshma-PC" failures="0" tests="1" name="seleniumprojects.TestNgParameter" time="0.006" errors="0" timestamp="2022-03-30T22:40:59 MDT" skipped="0">
  <testcase classname="seleniumprojects.TestNgParameter" name="demo" time="0.006"/>
  <system-out/>
</testsuite> <!-- seleniumprojects.TestNgParameter -->
