<?xml version="1.0" encoding="UTF-8"?>
<!-- Generated by org.testng.reporters.JUnitReportReporter -->
<testsuite hostname="Reshma-PC" failures="0" tests="4" name="seleniumprojects.LifeInsurance" time="0.004" errors="0" timestamp="2022-04-06T22:25:08 MDT" skipped="0">
  <testcase classname="seleniumprojects.LifeInsurance" name="WebLoginLife" time="0.001"/>
  <system-out/>
  <testcase classname="seleniumprojects.LifeInsurance" name="WebLogoutLife" time="0.000"/>
  <system-out/>
  <testcase classname="seleniumprojects.LifeInsurance" name="APILogin" time="0.001"/>
  <system-out/>
  <testcase classname="seleniumprojects.LifeInsurance" name="MobileLoginLife" time="0.002"/>
  <system-out/>
</testsuite> <!-- seleniumprojects.LifeInsurance -->
