<?xml version="1.0" encoding="UTF-8"?>
<!-- Generated by org.testng.reporters.JUnitReportReporter -->
<testsuite hostname="Reshma-PC" failures="0" tests="1" name="seleniumprojects.ActionsInSelenium" time="16.347" errors="0" timestamp="2022-04-02T16:34:41 MDT" skipped="0">
  <testcase classname="seleniumprojects.ActionsInSelenium" name="ActDemo" time="16.347"/>
  <system-out/>
</testsuite> <!-- seleniumprojects.ActionsInSelenium -->
